Arguments: 
  /usr/bin/node /usr/bin/yarn add React

PATH: 
  /tmp/fnm_multishells/76601_1626330278143/bin:/home/t/.miniconda/bin:/home/t/.local/share/go/bin:/home/t/.cargo/bin:/home/t/.local/bin:/usr/local/bin:/usr/bin:/bin:/usr/local/sbin:/usr/lib/jvm/default/bin:/usr/bin/site_perl:/usr/bin/vendor_perl:/usr/bin/core_perl:/home/t/.yarn/bin

Yarn version: 
  1.22.10

Node version: 
  16.4.1

Platform: 
  linux x64

Trace: 
  Error: https://registry.yarnpkg.com/React: Not found
      at Request.params.callback [as _callback] (/usr/lib/node_modules/yarn/lib/cli.js:66988:18)
      at Request.self.callback (/usr/lib/node_modules/yarn/lib/cli.js:140662:22)
      at Request.emit (node:events:394:28)
      at Request.<anonymous> (/usr/lib/node_modules/yarn/lib/cli.js:141634:10)
      at Request.emit (node:events:394:28)
      at IncomingMessage.<anonymous> (/usr/lib/node_modules/yarn/lib/cli.js:141556:12)
      at Object.onceWrapper (node:events:513:28)
      at IncomingMessage.emit (node:events:406:35)
      at endReadableNT (node:internal/streams/readable:1329:12)
      at processTicksAndRejections (node:internal/process/task_queues:83:21)

npm manifest: 
  {
    "devDependencies": {
      "typescript": "^4.3.5"
    },
    "dependencies": {
      "@heroicons/react": "^1.0.2"
    }
  }

yarn manifest: 
  No manifest

Lockfile: 
  # THIS IS AN AUTOGENERATED FILE. DO NOT EDIT THIS FILE DIRECTLY.
  # yarn lockfile v1
  
  
  "@heroicons/react@^1.0.2":
    version "1.0.2"
    resolved "https://registry.yarnpkg.com/@heroicons/react/-/react-1.0.2.tgz#e44a25d139e6fc8f94f4b146aeebad8f9af3d7dc"
    integrity sha512-4FqozK7QCwyYTTWgtmG+Sffo20arFzIXuzY6TnsShNIPBRn6FKK/CuaYorVkNogxk7FW8MdOvSnpMPQpNeA04g==
  
  typescript@^4.3.5:
    version "4.3.5"
    resolved "https://registry.yarnpkg.com/typescript/-/typescript-4.3.5.tgz#4d1c37cc16e893973c45a06886b7113234f119f4"
    integrity sha512-DqQgihaQ9cUrskJo9kIyW/+g0Vxsk8cDtZ52a3NGh0YNTfpUSArXSohyUGnvbPazEPLu398C0UxmKSOrPumUzA==
